# JRE version: OpenJDK Runtime Environment (8.0_76-b03) (build 1.8.0_76-release-b03)
# Java VM: OpenJDK 64-Bit Server VM (25.76-b03 mixed mode windows-amd64 compressed oops)
Heap:
 PSYoungGen      total 204800K, used 47254K [0x00000000eab00000, 0x00000000f7f00000, 0x0000000100000000)
  eden space 194048K, 24% used [0x00000000eab00000,0x00000000ed925a98,0x00000000f6880000)
  from space 10752K, 0% used [0x00000000f7300000,0x00000000f7300000,0x00000000f7d80000)
  to   space 10752K, 0% used [0x00000000f6880000,0x00000000f6880000,0x00000000f7300000)
 ParOldGen       total 180224K, used 17239K [0x00000000c0000000, 0x00000000cb000000, 0x00000000eab00000)
  object space 180224K, 9% used [0x00000000c0000000,0x00000000c10d5fe0,0x00000000cb000000)
 Metaspace       used 36518K, capacity 37206K, committed 37376K, reserved 1081344K
  class space    used 4853K, capacity 5040K, committed 5120K, reserved 1048576K
GC Heap History (10 events):
Event: 3.657 GC heap before
{Heap before GC invocations=2 (full 0):
 PSYoungGen      total 76288K, used 62572K [0x00000000eab00000, 0x00000000f4000000, 0x0000000100000000)
  eden space 65536K, 83% used [0x00000000eab00000,0x00000000ee0ab0a0,0x00000000eeb00000)
  from space 10752K, 70% used [0x00000000eeb00000,0x00000000ef2702f8,0x00000000ef580000)
  to   space 10752K, 0% used [0x00000000f3580000,0x00000000f3580000,0x00000000f4000000)
 ParOldGen       total 175104K, used 16K [0x00000000c0000000, 0x00000000cab00000, 0x00000000eab00000)
  object space 175104K, 0% used [0x00000000c0000000,0x00000000c0004000,0x00000000cab00000)
 Metaspace       used 20794K, capacity 21112K, committed 21296K, reserved 1067008K
  class space    used 2701K, capacity 2826K, committed 2944K, reserved 1048576K
Event: 3.671 GC heap after
Heap after GC invocations=2 (full 0):
 PSYoungGen      total 141824K, used 10730K [0x00000000eab00000, 0x00000000f4000000, 0x0000000100000000)
  eden space 131072K, 0% used [0x00000000eab00000,0x00000000eab00000,0x00000000f2b00000)
  from space 10752K, 99% used [0x00000000f3580000,0x00000000f3ffaba8,0x00000000f4000000)
  to   space 10752K, 0% used [0x00000000f2b00000,0x00000000f2b00000,0x00000000f3580000)
 ParOldGen       total 175104K, used 1757K [0x00000000c0000000, 0x00000000cab00000, 0x00000000eab00000)
  object space 175104K, 1% used [0x00000000c0000000,0x00000000c01b75c8,0x00000000cab00000)
 Metaspace       used 20794K, capacity 21112K, committed 21296K, reserved 1067008K
  class space    used 2701K, capacity 2826K, committed 2944K, reserved 1048576K
}
Event: 3.671 GC heap before
{Heap before GC invocations=3 (full 1):
 PSYoungGen      total 141824K, used 10730K [0x00000000eab00000, 0x00000000f4000000, 0x0000000100000000)
  eden space 131072K, 0% used [0x00000000eab00000,0x00000000eab00000,0x00000000f2b00000)
  from space 10752K, 99% used [0x00000000f3580000,0x00000000f3ffaba8,0x00000000f4000000)
  to   space 10752K, 0% used [0x00000000f2b00000,0x00000000f2b00000,0x00000000f3580000)
 ParOldGen       total 175104K, used 1757K [0x00000000c0000000, 0x00000000cab00000, 0x00000000eab00000)
  object space 175104K, 1% used [0x00000000c0000000,0x00000000c01b75c8,0x00000000cab00000)
 Metaspace       used 20794K, capacity 21112K, committed 21296K, reserved 1067008K
  class space    used 2701K, capacity 2826K, committed 2944K, reserved 1048576K
Event: 3.706 GC heap after
Heap after GC invocations=3 (full 1):
 PSYoungGen      total 141824K, used 0K [0x00000000eab00000, 0x00000000f4000000, 0x0000000100000000)
  eden space 131072K, 0% used [0x00000000eab00000,0x00000000eab00000,0x00000000f2b00000)
  from space 10752K, 0% used [0x00000000f3580000,0x00000000f3580000,0x00000000f4000000)
  to   space 10752K, 0% used [0x00000000f2b00000,0x00000000f2b00000,0x00000000f3580000)
 ParOldGen       total 110592K, used 12056K [0x00000000c0000000, 0x00000000c6c00000, 0x00000000eab00000)
  object space 110592K, 10% used [0x00000000c0000000,0x00000000c0bc6218,0x00000000c6c00000)
 Metaspace       used 20794K, capacity 21112K, committed 21296K, reserved 1067008K
  class space    used 2701K, capacity 2826K, committed 2944K, reserved 1048576K
}
Event: 5.842 GC heap before
{Heap before GC invocations=4 (full 1):
 PSYoungGen      total 141824K, used 131072K [0x00000000eab00000, 0x00000000f4000000, 0x0000000100000000)
  eden space 131072K, 100% used [0x00000000eab00000,0x00000000f2b00000,0x00000000f2b00000)
  from space 10752K, 0% used [0x00000000f3580000,0x00000000f3580000,0x00000000f4000000)
  to   space 10752K, 0% used [0x00000000f2b00000,0x00000000f2b00000,0x00000000f3580000)
 ParOldGen       total 110592K, used 12056K [0x00000000c0000000, 0x00000000c6c00000, 0x00000000eab00000)
  object space 110592K, 10% used [0x00000000c0000000,0x00000000c0bc6218,0x00000000c6c00000)
 Metaspace       used 30839K, capacity 31412K, committed 31744K, reserved 1077248K
  class space    used 4150K, capacity 4295K, committed 4352K, reserved 1048576K
Event: 5.851 GC heap after
Heap after GC invocations=4 (full 1):
 PSYoungGen      total 141824K, used 10744K [0x00000000eab00000, 0x00000000f7d80000, 0x0000000100000000)
  eden space 131072K, 0% used [0x00000000eab00000,0x00000000eab00000,0x00000000f2b00000)
  from space 10752K, 99% used [0x00000000f2b00000,0x00000000f357e028,0x00000000f3580000)
  to   space 10752K, 0% used [0x00000000f7300000,0x00000000f7300000,0x00000000f7d80000)
 ParOldGen       total 110592K, used 15655K [0x00000000c0000000, 0x00000000c6c00000, 0x00000000eab00000)
  object space 110592K, 14% used [0x00000000c0000000,0x00000000c0f49ca8,0x00000000c6c00000)
 Metaspace       used 30839K, capacity 31412K, committed 31744K, reserved 1077248K
  class space    used 4150K, capacity 4295K, committed 4352K, reserved 1048576K
}
Event: 6.823 GC heap before
{Heap before GC invocations=5 (full 1):
 PSYoungGen      total 141824K, used 100355K [0x00000000eab00000, 0x00000000f7d80000, 0x0000000100000000)
  eden space 131072K, 68% used [0x00000000eab00000,0x00000000f0282e78,0x00000000f2b00000)
  from space 10752K, 99% used [0x00000000f2b00000,0x00000000f357e028,0x00000000f3580000)
  to   space 10752K, 0% used [0x00000000f7300000,0x00000000f7300000,0x00000000f7d80000)
 ParOldGen       total 110592K, used 15655K [0x00000000c0000000, 0x00000000c6c00000, 0x00000000eab00000)
  object space 110592K, 14% used [0x00000000c0000000,0x00000000c0f49ca8,0x00000000c6c00000)
 Metaspace       used 34742K, capacity 35384K, committed 35496K, reserved 1079296K
  class space    used 4611K, capacity 4814K, committed 4864K, reserved 1048576K
Event: 6.833 GC heap after
Heap after GC invocations=5 (full 1):
 PSYoungGen      total 204800K, used 10734K [0x00000000eab00000, 0x00000000f7f00000, 0x0000000100000000)
  eden space 194048K, 0% used [0x00000000eab00000,0x00000000eab00000,0x00000000f6880000)
  from space 10752K, 99% used [0x00000000f7300000,0x00000000f7d7bb30,0x00000000f7d80000)
  to   space 10752K, 0% used [0x00000000f6880000,0x00000000f6880000,0x00000000f7300000)
 ParOldGen       total 110592K, used 15847K [0x00000000c0000000, 0x00000000c6c00000, 0x00000000eab00000)
  object space 110592K, 14% used [0x00000000c0000000,0x00000000c0f79ca8,0x00000000c6c00000)
 Metaspace       used 34742K, capacity 35384K, committed 35496K, reserved 1079296K
  class space    used 4611K, capacity 4814K, committed 4864K, reserved 1048576K
}
Event: 6.833 GC heap before
{Heap before GC invocations=6 (full 2):
 PSYoungGen      total 204800K, used 10734K [0x00000000eab00000, 0x00000000f7f00000, 0x0000000100000000)
  eden space 194048K, 0% used [0x00000000eab00000,0x00000000eab00000,0x00000000f6880000)
  from space 10752K, 99% used [0x00000000f7300000,0x00000000f7d7bb30,0x00000000f7d80000)
  to   space 10752K, 0% used [0x00000000f6880000,0x00000000f6880000,0x00000000f7300000)
 ParOldGen       total 110592K, used 15847K [0x00000000c0000000, 0x00000000c6c00000, 0x00000000eab00000)
  object space 110592K, 14% used [0x00000000c0000000,0x00000000c0f79ca8,0x00000000c6c00000)
 Metaspace       used 34742K, capacity 35384K, committed 35496K, reserved 1079296K
  class space    used 4611K, capacity 4814K, committed 4864K, reserved 1048576K
Event: 6.904 GC heap after
Heap after GC invocations=6 (full 2):
 PSYoungGen      total 204800K, used 0K [0x00000000eab00000, 0x00000000f7f00000, 0x0000000100000000)
  eden space 194048K, 0% used [0x00000000eab00000,0x00000000eab00000,0x00000000f6880000)
  from space 10752K, 0% used [0x00000000f7300000,0x00000000f7300000,0x00000000f7d80000)
  to   space 10752K, 0% used [0x00000000f6880000,0x00000000f6880000,0x00000000f7300000)
 ParOldGen       total 180224K, used 17239K [0x00000000c0000000, 0x00000000cb000000, 0x00000000eab00000)
  object space 180224K, 9% used [0x00000000c0000000,0x00000000c10d5fe0,0x00000000cb000000)
 Metaspace       used 34723K, capacity 35362K, committed 35496K, reserved 1079296K
  class space    used 4605K, capacity 4808K, committed 4864K, reserved 1048576K
}

